{"level":"info","message":"Server http listening at port 8080","service":"user-service","timestamp":"2022-10-03T18:59:47.933Z"}
{"level":"info","message":"Server http listening at port 8080","service":"user-service","timestamp":"2022-10-03T19:28:50.196Z"}
{"level":"info","message":"Server http listening at port 8080","service":"user-service","timestamp":"2022-10-03T19:31:28.409Z"}
{"level":"info","message":"Server http listening at port 8080","service":"user-service","timestamp":"2022-10-03T19:32:05.671Z"}
{"level":"info","message":"Server http listening at port 8080","service":"user-service","timestamp":"2022-10-03T19:33:14.530Z"}
{"level":"info","message":"Server http listening at port 8080","service":"user-service","timestamp":"2022-10-03T19:36:45.498Z"}
{"level":"info","message":"Server http listening at port 8080","service":"user-service","timestamp":"2022-10-03T19:38:06.159Z"}
{"level":"info","message":"Server http listening at port 8080","service":"user-service","timestamp":"2022-10-03T19:39:57.261Z"}
{"level":"info","message":"Server http listening at port 8080","service":"user-service","timestamp":"2022-10-03T19:40:28.583Z"}
{"level":"info","message":"Estado de la conexion (CartDao) 1","service":"user-service","timestamp":"2022-10-03T19:40:29.149Z"}
{"level":"info","message":"Estado de la conexion (CartDao) 1","service":"user-service","timestamp":"2022-10-03T19:40:29.151Z"}
{"level":"info","message":"Server http listening at port 8080","service":"user-service","timestamp":"2022-10-03T19:41:35.666Z"}
{"level":"info","message":"Estado de la conexion (CartDao) 1","service":"user-service","timestamp":"2022-10-03T19:41:36.331Z"}
{"level":"info","message":"Estado de la conexion (CartDao) 1","service":"user-service","timestamp":"2022-10-03T19:41:36.332Z"}
{"level":"info","message":"Server http listening at port 8080","service":"user-service","timestamp":"2022-10-03T19:42:00.207Z"}
{"level":"info","message":"Estado de la conexion (CartDao) 1","service":"user-service","timestamp":"2022-10-03T19:42:00.777Z"}
{"level":"info","message":"Estado de la conexion (CartDao) 1","service":"user-service","timestamp":"2022-10-03T19:42:00.779Z"}
{"level":"info","message":"Server http listening at port 8080","service":"user-service","timestamp":"2022-10-03T19:43:12.840Z"}
{"level":"info","message":"Estado de la conexion (CartDao) 1","service":"user-service","timestamp":"2022-10-03T19:43:13.484Z"}
{"level":"info","message":"Estado de la conexion (CartDao) 1","service":"user-service","timestamp":"2022-10-03T19:43:13.486Z"}
{"level":"info","message":"Server http listening at port 8080","service":"user-service","timestamp":"2022-10-03T19:44:14.096Z"}
{"level":"info","message":"Estado de la conexion (CartDao) 1","service":"user-service","timestamp":"2022-10-03T19:44:14.668Z"}
{"level":"info","message":"Estado de la conexion (CartDao) 1","service":"user-service","timestamp":"2022-10-03T19:44:14.670Z"}
{"level":"info","message":"Estado de la conexion (ProductsDao) 1","service":"user-service","timestamp":"2022-10-03T19:44:51.900Z"}
{"level":"info","message":"Server http listening at port 8080","service":"user-service","timestamp":"2022-10-03T20:21:53.845Z"}
{"level":"info","message":"Estado de la conexion (CartDao) 1","service":"user-service","timestamp":"2022-10-03T20:21:54.506Z"}
{"level":"info","message":"Estado de la conexion (CartDao) 1","service":"user-service","timestamp":"2022-10-03T20:21:54.507Z"}
{"level":"info","message":"Server http listening at port 8080","service":"user-service","timestamp":"2022-10-03T20:30:47.271Z"}
{"level":"info","message":"Estado de la conexion (CartDao) 1","service":"user-service","timestamp":"2022-10-03T20:30:52.889Z"}
{"level":"info","message":"Estado de la conexion (CartDao) 1","service":"user-service","timestamp":"2022-10-03T20:30:52.892Z"}
{"level":"info","message":"Server http listening at port 8080","service":"user-service","timestamp":"2022-10-03T20:33:56.473Z"}
{"level":"info","message":"Estado de la conexion (CartDao) 1","service":"user-service","timestamp":"2022-10-03T20:33:57.953Z"}
{"level":"info","message":"Estado de la conexion (CartDao) 1","service":"user-service","timestamp":"2022-10-03T20:33:57.955Z"}
{"level":"info","message":"Server http listening at port 8080","service":"user-service","timestamp":"2022-10-04T00:07:30.754Z"}
{"level":"info","message":"Estado de la conexion (CartDao) 1","service":"user-service","timestamp":"2022-10-04T00:07:36.296Z"}
{"level":"info","message":"Estado de la conexion (CartDao) 1","service":"user-service","timestamp":"2022-10-04T00:07:36.298Z"}
{"level":"info","message":"Server http listening at port 8080","service":"user-service","timestamp":"2022-10-04T00:51:46.462Z"}
{"level":"info","message":"Estado de la conexion (CartDao) 1","service":"user-service","timestamp":"2022-10-04T00:51:51.090Z"}
{"level":"info","message":"Estado de la conexion (CartDao) 1","service":"user-service","timestamp":"2022-10-04T00:51:51.092Z"}
{"level":"info","message":"Server http listening at port 8080","service":"user-service","timestamp":"2022-10-08T12:40:43.537Z"}
{"level":"info","message":"Estado de la conexion (CartDao) 1","service":"user-service","timestamp":"2022-10-08T12:40:49.398Z"}
{"level":"info","message":"Estado de la conexion (CartDao) 1","service":"user-service","timestamp":"2022-10-08T12:40:49.400Z"}
{"level":"info","message":"Server http listening at port 8080","service":"user-service","timestamp":"2022-10-08T15:10:44.545Z"}
{"level":"info","message":"Estado de la conexion (CartDao) 1","service":"user-service","timestamp":"2022-10-08T15:10:46.210Z"}
{"level":"info","message":"Estado de la conexion (CartDao) 1","service":"user-service","timestamp":"2022-10-08T15:10:46.211Z"}
{"level":"info","message":"Server http listening at port 8080","service":"user-service","timestamp":"2022-10-08T15:32:49.317Z"}
{"level":"info","message":"Estado de la conexion (CartDao) 1","service":"user-service","timestamp":"2022-10-08T15:32:50.958Z"}
{"level":"info","message":"Estado de la conexion (CartDao) 1","service":"user-service","timestamp":"2022-10-08T15:32:50.960Z"}
{"level":"info","message":"Server http listening at port 8080","service":"user-service","timestamp":"2022-10-08T20:32:49.390Z"}
{"level":"info","message":"nodemailer test message [object Object]","service":"user-service","timestamp":"2022-10-08T20:32:54.617Z"}
{"level":"info","message":"Estado de la conexion (CartDao) 1","service":"user-service","timestamp":"2022-10-08T20:32:55.542Z"}
{"level":"info","message":"Estado de la conexion (CartDao) 1","service":"user-service","timestamp":"2022-10-08T20:32:55.545Z"}
{"level":"info","message":"Server http listening at port 8080","service":"user-service","timestamp":"2022-10-08T20:36:12.511Z"}
{"level":"info","message":"nodemailer test message [object Object]","service":"user-service","timestamp":"2022-10-08T20:36:16.122Z"}
{"level":"info","message":"Estado de la conexion (CartDao) 1","service":"user-service","timestamp":"2022-10-08T20:36:16.923Z"}
{"level":"info","message":"Estado de la conexion (CartDao) 1","service":"user-service","timestamp":"2022-10-08T20:36:16.925Z"}
{"level":"info","message":"Server http listening at port 8080","service":"user-service","timestamp":"2022-10-08T20:54:15.748Z"}
{"level":"info","message":"Estado de la conexion (CartDao) 1","service":"user-service","timestamp":"2022-10-08T20:54:20.210Z"}
{"level":"info","message":"Estado de la conexion (CartDao) 1","service":"user-service","timestamp":"2022-10-08T20:54:20.213Z"}
{"level":"info","message":"nodemailer test message [object Object]","service":"user-service","timestamp":"2022-10-08T20:54:21.597Z"}
{"level":"info","message":"Server http listening at port 8080","service":"user-service","timestamp":"2022-10-08T20:54:49.601Z"}
{"level":"info","message":"Estado de la conexion (CartDao) 1","service":"user-service","timestamp":"2022-10-08T20:54:50.250Z"}
{"level":"info","message":"Estado de la conexion (CartDao) 1","service":"user-service","timestamp":"2022-10-08T20:54:50.251Z"}
{"level":"info","message":"Server http listening at port 8080","service":"user-service","timestamp":"2022-10-08T21:41:03.806Z"}
{"level":"info","message":"Estado de la conexion (CartDao) 1","service":"user-service","timestamp":"2022-10-08T21:41:04.532Z"}
{"level":"info","message":"Estado de la conexion (CartDao) 1","service":"user-service","timestamp":"2022-10-08T21:41:04.533Z"}
{"level":"info","message":"Estado de la conexion (ProductsDao) 1","service":"user-service","timestamp":"2022-10-08T21:41:57.245Z"}
{"level":"info","message":"Server http listening at port 8080","service":"user-service","timestamp":"2022-10-08T22:06:38.459Z"}
{"level":"info","message":"Estado de la conexion (CartDao) 1","service":"user-service","timestamp":"2022-10-08T22:06:41.184Z"}
{"level":"info","message":"Estado de la conexion (CartDao) 1","service":"user-service","timestamp":"2022-10-08T22:06:41.185Z"}
{"level":"info","message":"Estado de la conexion (ProductsDao) 1","service":"user-service","timestamp":"2022-10-08T22:07:44.246Z"}
{"level":"info","message":"Estado de la conexion (CartDao) 1","service":"user-service","timestamp":"2022-10-08T22:09:12.807Z"}
{"level":"info","message":"Estado de la conexion (CartDao) 1","service":"user-service","timestamp":"2022-10-08T22:09:12.809Z"}
{"level":"info","message":"Estado de la conexion (CartDao) 1","service":"user-service","timestamp":"2022-10-08T22:20:37.021Z"}
{"level":"info","message":"Estado de la conexion (CartDao) 1","service":"user-service","timestamp":"2022-10-08T22:20:37.022Z"}
{"level":"info","message":"Server http listening at port 3000","service":"user-service","timestamp":"2022-10-08T22:21:46.500Z"}
{"level":"info","message":"Estado de la conexion (CartDao) 1","service":"user-service","timestamp":"2022-10-08T22:21:47.268Z"}
{"level":"info","message":"Estado de la conexion (CartDao) 1","service":"user-service","timestamp":"2022-10-08T22:21:47.270Z"}
{"level":"info","message":"Server http listening at port 3000","service":"user-service","timestamp":"2022-10-08T23:10:16.301Z"}
{"level":"info","message":"Estado de la conexion (CartDao) 1","service":"user-service","timestamp":"2022-10-08T23:10:16.960Z"}
{"level":"info","message":"Estado de la conexion (CartDao) 1","service":"user-service","timestamp":"2022-10-08T23:10:16.961Z"}
{"level":"info","message":"Estado de la conexion (ChatDao) 1","service":"user-service","timestamp":"2022-10-08T23:10:17.963Z"}
{"level":"info","message":"Estado de la conexion (ChatDao) 1","service":"user-service","timestamp":"2022-10-08T23:10:22.959Z"}
{"level":"info","message":"Estado de la conexion (ProductsDao) 1","service":"user-service","timestamp":"2022-10-08T23:10:45.407Z"}
{"level":"info","message":"Estado de la conexion (CartDao) 1","service":"user-service","timestamp":"2022-10-08T23:21:06.248Z"}
{"level":"info","message":"Estado de la conexion (CartDao) 1","service":"user-service","timestamp":"2022-10-08T23:21:06.252Z"}
{"level":"info","message":"Estado de la conexion (ChatDao) 1","service":"user-service","timestamp":"2022-10-08T23:21:06.253Z"}
{"level":"info","message":"Estado de la conexion (ChatDao) 1","service":"user-service","timestamp":"2022-10-08T23:21:46.656Z"}
{"level":"info","message":"Estado de la conexion (ProductsDao) 1","service":"user-service","timestamp":"2022-10-08T23:21:54.503Z"}
{"level":"info","message":"Estado de la conexion (CartDao) 1","service":"user-service","timestamp":"2022-10-08T23:27:00.706Z"}
{"level":"info","message":"Estado de la conexion (CartDao) 1","service":"user-service","timestamp":"2022-10-08T23:27:00.712Z"}
{"level":"info","message":"Estado de la conexion (ChatDao) 1","service":"user-service","timestamp":"2022-10-08T23:27:00.713Z"}
{"level":"info","message":"Estado de la conexion (ChatDao) 1","service":"user-service","timestamp":"2022-10-08T23:27:01.266Z"}
{"level":"info","message":"Estado de la conexion (ProductsDao) 1","service":"user-service","timestamp":"2022-10-08T23:27:09.028Z"}
{"level":"info","message":"Server http listening at port 8080","service":"user-service","timestamp":"2022-10-08T23:29:00.132Z"}
{"level":"info","message":"Estado de la conexion (CartDao) 1","service":"user-service","timestamp":"2022-10-08T23:29:05.715Z"}
{"level":"info","message":"Estado de la conexion (CartDao) 1","service":"user-service","timestamp":"2022-10-08T23:29:05.717Z"}
{"level":"info","message":"Estado de la conexion (ChatDao) 1","service":"user-service","timestamp":"2022-10-08T23:29:05.719Z"}
{"level":"info","message":"Estado de la conexion (ChatDao) 1","service":"user-service","timestamp":"2022-10-08T23:29:09.767Z"}
{"level":"info","message":"Server http listening at port 8080","service":"user-service","timestamp":"2022-10-08T23:30:23.034Z"}
{"level":"info","message":"Estado de la conexion (CartDao) 1","service":"user-service","timestamp":"2022-10-08T23:30:23.679Z"}
{"level":"info","message":"Estado de la conexion (CartDao) 1","service":"user-service","timestamp":"2022-10-08T23:30:23.682Z"}
{"level":"info","message":"Estado de la conexion (ChatDao) 1","service":"user-service","timestamp":"2022-10-08T23:30:23.683Z"}
{"level":"info","message":"Estado de la conexion (ChatDao) 1","service":"user-service","timestamp":"2022-10-08T23:30:27.173Z"}
{"level":"info","message":"Estado de la conexion (ChatDao) 1","service":"user-service","timestamp":"2022-10-08T23:30:51.963Z"}
{"level":"info","message":"Estado de la conexion (ChatDao) 1","service":"user-service","timestamp":"2022-10-08T23:31:41.585Z"}
{"level":"info","message":"Server http listening at port 8080","service":"user-service","timestamp":"2022-10-09T00:28:32.190Z"}
{"level":"info","message":"Estado de la conexion (CartDao) 1","service":"user-service","timestamp":"2022-10-09T00:28:32.815Z"}
{"level":"info","message":"Estado de la conexion (CartDao) 1","service":"user-service","timestamp":"2022-10-09T00:28:32.816Z"}
{"level":"info","message":"Estado de la conexion (ChatDao) 1","service":"user-service","timestamp":"2022-10-09T00:28:32.816Z"}
{"level":"info","message":"Server http listening at port 8080","service":"user-service","timestamp":"2022-10-09T00:29:44.273Z"}
{"level":"info","message":"Estado de la conexion (CartDao) 1","service":"user-service","timestamp":"2022-10-09T00:29:47.196Z"}
{"level":"info","message":"Estado de la conexion (CartDao) 1","service":"user-service","timestamp":"2022-10-09T00:29:47.197Z"}
{"level":"info","message":"Server http listening at port 8080","service":"user-service","timestamp":"2022-10-09T00:30:00.480Z"}
{"level":"info","message":"Estado de la conexion (CartDao) 1","service":"user-service","timestamp":"2022-10-09T00:30:01.091Z"}
{"level":"info","message":"Estado de la conexion (CartDao) 1","service":"user-service","timestamp":"2022-10-09T00:30:01.093Z"}
{"level":"info","message":"Estado de la conexion (ChatDao) 1","service":"user-service","timestamp":"2022-10-09T00:30:03.371Z"}
{"level":"info","message":"Server http listening at port 8080","service":"user-service","timestamp":"2022-10-09T00:30:45.898Z"}
{"level":"info","message":"Estado de la conexion (CartDao) 1","service":"user-service","timestamp":"2022-10-09T00:30:46.596Z"}
{"level":"info","message":"Estado de la conexion (CartDao) 1","service":"user-service","timestamp":"2022-10-09T00:30:46.598Z"}
{"level":"info","message":"Estado de la conexion (ChatDao) 1","service":"user-service","timestamp":"2022-10-09T00:30:46.599Z"}
{"level":"info","message":"Server http listening at port 8080","service":"user-service","timestamp":"2022-10-09T00:32:14.385Z"}
{"level":"info","message":"Estado de la conexion (CartDao) 1","service":"user-service","timestamp":"2022-10-09T00:32:18.721Z"}
{"level":"info","message":"Estado de la conexion (CartDao) 1","service":"user-service","timestamp":"2022-10-09T00:32:18.723Z"}
{"level":"info","message":"Server http listening at port 8080","service":"user-service","timestamp":"2022-10-09T00:32:59.104Z"}
{"level":"info","message":"Estado de la conexion (CartDao) 1","service":"user-service","timestamp":"2022-10-09T00:32:59.672Z"}
{"level":"info","message":"Estado de la conexion (CartDao) 1","service":"user-service","timestamp":"2022-10-09T00:32:59.674Z"}
{"level":"info","message":"Server http listening at port 8080","service":"user-service","timestamp":"2022-10-09T00:33:55.769Z"}
{"level":"info","message":"Estado de la conexion (CartDao) 1","service":"user-service","timestamp":"2022-10-09T00:33:56.375Z"}
{"level":"info","message":"Estado de la conexion (CartDao) 1","service":"user-service","timestamp":"2022-10-09T00:33:56.377Z"}
{"level":"info","message":"Server http listening at port 8080","service":"user-service","timestamp":"2022-10-09T00:39:06.092Z"}
{"level":"info","message":"Estado de la conexion (CartDao) 1","service":"user-service","timestamp":"2022-10-09T00:39:06.772Z"}
{"level":"info","message":"Estado de la conexion (CartDao) 1","service":"user-service","timestamp":"2022-10-09T00:39:06.773Z"}
{"level":"info","message":"Server http listening at port 8080","service":"user-service","timestamp":"2022-10-09T00:39:46.864Z"}
{"level":"info","message":"Estado de la conexion (CartDao) 1","service":"user-service","timestamp":"2022-10-09T00:39:49.216Z"}
{"level":"info","message":"Estado de la conexion (CartDao) 1","service":"user-service","timestamp":"2022-10-09T00:39:49.219Z"}
{"level":"info","message":"Server http listening at port 8080","service":"user-service","timestamp":"2022-10-09T00:40:14.811Z"}
{"level":"info","message":"Estado de la conexion (CartDao) 1","service":"user-service","timestamp":"2022-10-09T00:40:15.435Z"}
{"level":"info","message":"Estado de la conexion (CartDao) 1","service":"user-service","timestamp":"2022-10-09T00:40:15.436Z"}
{"level":"info","message":"Server http listening at port 8080","service":"user-service","timestamp":"2022-10-09T00:41:07.979Z"}
{"level":"info","message":"Estado de la conexion (CartDao) 1","service":"user-service","timestamp":"2022-10-09T00:41:08.577Z"}
{"level":"info","message":"Estado de la conexion (CartDao) 1","service":"user-service","timestamp":"2022-10-09T00:41:08.579Z"}
{"level":"info","message":"Server http listening at port 8080","service":"user-service","timestamp":"2022-10-09T00:44:09.639Z"}
{"level":"info","message":"Estado de la conexion (CartDao) 1","service":"user-service","timestamp":"2022-10-09T00:44:11.830Z"}
{"level":"info","message":"Estado de la conexion (CartDao) 1","service":"user-service","timestamp":"2022-10-09T00:44:11.832Z"}
{"level":"info","message":"Server http listening at port 8080","service":"user-service","timestamp":"2022-10-09T00:45:16.780Z"}
{"level":"info","message":"Estado de la conexion (CartDao) 1","service":"user-service","timestamp":"2022-10-09T00:45:17.406Z"}
{"level":"info","message":"Estado de la conexion (CartDao) 1","service":"user-service","timestamp":"2022-10-09T00:45:17.408Z"}
{"level":"info","message":"Server http listening at port 8080","service":"user-service","timestamp":"2022-10-09T00:45:29.819Z"}
{"level":"info","message":"Estado de la conexion (CartDao) 1","service":"user-service","timestamp":"2022-10-09T00:45:30.390Z"}
{"level":"info","message":"Estado de la conexion (CartDao) 1","service":"user-service","timestamp":"2022-10-09T00:45:30.392Z"}
{"level":"info","message":"Server http listening at port 8080","service":"user-service","timestamp":"2022-10-09T00:46:58.122Z"}
{"level":"info","message":"Estado de la conexion (CartDao) 1","service":"user-service","timestamp":"2022-10-09T00:46:59.382Z"}
{"level":"info","message":"Estado de la conexion (CartDao) 1","service":"user-service","timestamp":"2022-10-09T00:46:59.384Z"}
{"level":"info","message":"Server http listening at port 8080","service":"user-service","timestamp":"2022-10-09T00:52:33.494Z"}
{"level":"info","message":"Estado de la conexion (CartDao) 1","service":"user-service","timestamp":"2022-10-09T00:52:34.130Z"}
{"level":"info","message":"Estado de la conexion (CartDao) 1","service":"user-service","timestamp":"2022-10-09T00:52:34.131Z"}
{"level":"info","message":"Server http listening at port 8080","service":"user-service","timestamp":"2022-10-09T00:53:48.625Z"}
{"level":"info","message":"Estado de la conexion (CartDao) 1","service":"user-service","timestamp":"2022-10-09T00:53:54.573Z"}
{"level":"info","message":"Estado de la conexion (CartDao) 1","service":"user-service","timestamp":"2022-10-09T00:53:54.574Z"}
{"level":"info","message":"Server http listening at port 8080","service":"user-service","timestamp":"2022-10-09T00:57:32.160Z"}
{"level":"info","message":"Estado de la conexion (CartDao) 1","service":"user-service","timestamp":"2022-10-09T00:57:36.263Z"}
{"level":"info","message":"Estado de la conexion (CartDao) 1","service":"user-service","timestamp":"2022-10-09T00:57:36.265Z"}
{"level":"info","message":"Server http listening at port 8080","service":"user-service","timestamp":"2022-10-09T00:58:47.972Z"}
{"level":"info","message":"Estado de la conexion (CartDao) 1","service":"user-service","timestamp":"2022-10-09T00:58:48.671Z"}
{"level":"info","message":"Estado de la conexion (CartDao) 1","service":"user-service","timestamp":"2022-10-09T00:58:48.673Z"}
{"level":"info","message":"Server http listening at port 8080","service":"user-service","timestamp":"2022-10-09T00:59:33.069Z"}
{"level":"info","message":"Estado de la conexion (CartDao) 1","service":"user-service","timestamp":"2022-10-09T00:59:33.691Z"}
{"level":"info","message":"Estado de la conexion (CartDao) 1","service":"user-service","timestamp":"2022-10-09T00:59:33.693Z"}
{"level":"info","message":"Server http listening at port 8080","service":"user-service","timestamp":"2022-10-09T00:59:47.096Z"}
{"level":"info","message":"Estado de la conexion (CartDao) 1","service":"user-service","timestamp":"2022-10-09T00:59:47.701Z"}
{"level":"info","message":"Estado de la conexion (CartDao) 1","service":"user-service","timestamp":"2022-10-09T00:59:47.703Z"}
{"level":"info","message":"Server http listening at port 8080","service":"user-service","timestamp":"2022-10-09T01:00:53.983Z"}
{"level":"info","message":"Estado de la conexion (CartDao) 1","service":"user-service","timestamp":"2022-10-09T01:00:59.807Z"}
{"level":"info","message":"Estado de la conexion (CartDao) 1","service":"user-service","timestamp":"2022-10-09T01:00:59.808Z"}
{"level":"info","message":"Server http listening at port 8080","service":"user-service","timestamp":"2022-10-09T01:02:24.788Z"}
{"level":"info","message":"Estado de la conexion (CartDao) 1","service":"user-service","timestamp":"2022-10-09T01:02:29.490Z"}
{"level":"info","message":"Estado de la conexion (CartDao) 1","service":"user-service","timestamp":"2022-10-09T01:02:29.491Z"}
{"level":"info","message":"Server http listening at port 8080","service":"user-service","timestamp":"2022-10-09T01:04:00.328Z"}
{"level":"info","message":"Estado de la conexion (CartDao) 1","service":"user-service","timestamp":"2022-10-09T01:04:01.022Z"}
{"level":"info","message":"Estado de la conexion (CartDao) 1","service":"user-service","timestamp":"2022-10-09T01:04:01.024Z"}
{"level":"info","message":"Estado de la conexion (ChatDao) 1","service":"user-service","timestamp":"2022-10-09T01:07:11.041Z"}
{"level":"info","message":"Estado de la conexion (ProductsDao) 1","service":"user-service","timestamp":"2022-10-09T01:07:36.560Z"}
{"level":"info","message":"Server http listening at port 8080","service":"user-service","timestamp":"2022-10-09T01:08:40.221Z"}
{"level":"info","message":"Estado de la conexion (CartDao) 1","service":"user-service","timestamp":"2022-10-09T01:08:40.878Z"}
{"level":"info","message":"Estado de la conexion (CartDao) 1","service":"user-service","timestamp":"2022-10-09T01:08:40.879Z"}
{"level":"info","message":"Estado de la conexion (ChatDao) 1","service":"user-service","timestamp":"2022-10-09T01:08:40.880Z"}
